<?xml version="1.0" encoding="UTF-8"?>
<testng-results ignored="0" total="1" passed="1" failed="0" skipped="0">
  <reporter-output>
  </reporter-output>
  <suite started-at="2022-01-26T21:15:36 IST" name="Default suite" finished-at="2022-01-26T21:16:35 IST" duration-ms="58502">
    <groups>
    </groups>
    <test started-at="2022-01-26T21:15:36 IST" name="Default test" finished-at="2022-01-26T21:16:35 IST" duration-ms="58502">
      <class name="com.demo.testng.Example">
        <test-method is-config="true" signature="beforeMethod()[pri:0, instance:com.demo.testng.Example@35aea049]" started-at="2022-01-26T21:15:36 IST" name="beforeMethod" finished-at="2022-01-26T21:15:36 IST" duration-ms="5" status="PASS">
          <reporter-output>
          </reporter-output>
        </test-method> <!-- beforeMethod -->
        <test-method signature="f()[pri:0, instance:com.demo.testng.Example@35aea049]" started-at="2022-01-26T21:15:36 IST" name="f" finished-at="2022-01-26T21:16:34 IST" duration-ms="58265" status="PASS">
          <reporter-output>
          </reporter-output>
        </test-method> <!-- f -->
        <test-method is-config="true" signature="afterMethod()[pri:0, instance:com.demo.testng.Example@35aea049]" started-at="2022-01-26T21:16:34 IST" name="afterMethod" finished-at="2022-01-26T21:16:35 IST" duration-ms="180" status="PASS">
          <reporter-output>
          </reporter-output>
        </test-method> <!-- afterMethod -->
      </class> <!-- com.demo.testng.Example -->
    </test> <!-- Default test -->
  </suite> <!-- Default suite -->
</testng-results>
